0 info it worked if it ends with ok
1 verbose cli [ 'node', '/usr/local/bin/npm', 'uninstall', 'browser-sync' ]
2 info using npm@1.4.28
3 info using node@v0.10.34
4 verbose node_modules/browser-sync unbuild
5 info preuninstall browser-sync@1.8.3
6 info uninstall browser-sync@1.8.3
7 verbose true,/Users/Ek/projects/rugbit/node_modules,/Users/Ek/projects/rugbit/node_modules unbuild browser-sync@1.8.3
8 verbose /Users/Ek/projects/rugbit/node_modules/.bin,[object Object] binRoot
9 info postuninstall browser-sync@1.8.3
10 error Error: EACCES, unlink '/Users/Ek/projects/rugbit/node_modules/browser-sync/node_modules/.bin/dev-ip'
10 error  { [Error: EACCES, unlink '/Users/Ek/projects/rugbit/node_modules/browser-sync/node_modules/.bin/dev-ip']
10 error   errno: 3,
10 error   code: 'EACCES',
10 error   path: '/Users/Ek/projects/rugbit/node_modules/browser-sync/node_modules/.bin/dev-ip' }
11 error Please try running this command again as root/Administrator.
12 error System Darwin 14.0.0
13 error command "node" "/usr/local/bin/npm" "uninstall" "browser-sync"
14 error cwd /Users/Ek/projects/rugbit
15 error node -v v0.10.34
16 error npm -v 1.4.28
17 error path /Users/Ek/projects/rugbit/node_modules/browser-sync/node_modules/.bin/dev-ip
18 error code EACCES
19 error errno 3
20 error stack Error: EACCES, unlink '/Users/Ek/projects/rugbit/node_modules/browser-sync/node_modules/.bin/dev-ip'
21 verbose exit [ 3, true ]
